\BOOKMARK [1][-]{section.1}{\376\377\0001\000\040\000H\000i\000e\000r\000a\000r\000c\000h\000i\000c\000a\000l\000\040\000I\000n\000d\000e\000x}{}% 1
\BOOKMARK [2][-]{subsection.1.1}{\376\377\0001\000.\0001\000\040\000C\000l\000a\000s\000s\000\040\000H\000i\000e\000r\000a\000r\000c\000h\000y}{section.1}% 2
\BOOKMARK [1][-]{section.2}{\376\377\0002\000\040\000C\000l\000a\000s\000s\000\040\000I\000n\000d\000e\000x}{}% 3
\BOOKMARK [2][-]{subsection.2.1}{\376\377\0002\000.\0001\000\040\000C\000l\000a\000s\000s\000\040\000L\000i\000s\000t}{section.2}% 4
\BOOKMARK [1][-]{section.3}{\376\377\0003\000\040\000F\000i\000l\000e\000\040\000I\000n\000d\000e\000x}{}% 5
\BOOKMARK [2][-]{subsection.3.1}{\376\377\0003\000.\0001\000\040\000F\000i\000l\000e\000\040\000L\000i\000s\000t}{section.3}% 6
\BOOKMARK [1][-]{section.4}{\376\377\0004\000\040\000C\000l\000a\000s\000s\000\040\000D\000o\000c\000u\000m\000e\000n\000t\000a\000t\000i\000o\000n}{}% 7
\BOOKMARK [2][-]{subsection.4.1}{\376\377\0004\000.\0001\000\040\000A\000r\000r\000a\000y\000Q\000u\000e\000u\000e\000<\000\040\000I\000t\000e\000m\000T\000y\000p\000e\000\040\000>\000\040\000C\000l\000a\000s\000s\000\040\000T\000e\000m\000p\000l\000a\000t\000e\000\040\000R\000e\000f\000e\000r\000e\000n\000c\000e}{section.4}% 8
\BOOKMARK [3][-]{subsubsection.4.1.1}{\376\377\0004\000.\0001\000.\0001\000\040\000M\000e\000m\000b\000e\000r\000\040\000F\000u\000n\000c\000t\000i\000o\000n\000\040\000D\000o\000c\000u\000m\000e\000n\000t\000a\000t\000i\000o\000n}{subsection.4.1}% 9
\BOOKMARK [2][-]{subsection.4.2}{\376\377\0004\000.\0002\000\040\000E\000v\000e\000n\000t\000\040\000C\000l\000a\000s\000s\000\040\000R\000e\000f\000e\000r\000e\000n\000c\000e}{section.4}% 10
\BOOKMARK [2][-]{subsection.4.3}{\376\377\0004\000.\0003\000\040\000L\000i\000n\000k\000e\000d\000L\000i\000s\000t\000<\000\040\000I\000t\000e\000m\000T\000y\000p\000e\000\040\000>\000\040\000C\000l\000a\000s\000s\000\040\000T\000e\000m\000p\000l\000a\000t\000e\000\040\000R\000e\000f\000e\000r\000e\000n\000c\000e}{section.4}% 11
\BOOKMARK [3][-]{subsubsection.4.3.1}{\376\377\0004\000.\0003\000.\0001\000\040\000C\000o\000n\000s\000t\000r\000u\000c\000t\000o\000r\000\040\000\046\000\040\000D\000e\000s\000t\000r\000u\000c\000t\000o\000r\000\040\000D\000o\000c\000u\000m\000e\000n\000t\000a\000t\000i\000o\000n}{subsection.4.3}% 12
\BOOKMARK [3][-]{subsubsection.4.3.2}{\376\377\0004\000.\0003\000.\0002\000\040\000M\000e\000m\000b\000e\000r\000\040\000F\000u\000n\000c\000t\000i\000o\000n\000\040\000D\000o\000c\000u\000m\000e\000n\000t\000a\000t\000i\000o\000n}{subsection.4.3}% 13
\BOOKMARK [2][-]{subsection.4.4}{\376\377\0004\000.\0004\000\040\000L\000i\000n\000k\000e\000d\000Q\000u\000e\000u\000e\000<\000\040\000I\000t\000e\000m\000T\000y\000p\000e\000\040\000>\000\040\000C\000l\000a\000s\000s\000\040\000T\000e\000m\000p\000l\000a\000t\000e\000\040\000R\000e\000f\000e\000r\000e\000n\000c\000e}{section.4}% 14
\BOOKMARK [3][-]{subsubsection.4.4.1}{\376\377\0004\000.\0004\000.\0001\000\040\000M\000e\000m\000b\000e\000r\000\040\000F\000u\000n\000c\000t\000i\000o\000n\000\040\000D\000o\000c\000u\000m\000e\000n\000t\000a\000t\000i\000o\000n}{subsection.4.4}% 15
\BOOKMARK [2][-]{subsection.4.5}{\376\377\0004\000.\0005\000\040\000L\000i\000s\000t\000I\000n\000t\000e\000r\000f\000a\000c\000e\000<\000\040\000I\000t\000e\000m\000T\000y\000p\000e\000\040\000>\000\040\000C\000l\000a\000s\000s\000\040\000T\000e\000m\000p\000l\000a\000t\000e\000\040\000R\000e\000f\000e\000r\000e\000n\000c\000e}{section.4}% 16
\BOOKMARK [3][-]{subsubsection.4.5.1}{\376\377\0004\000.\0005\000.\0001\000\040\000M\000e\000m\000b\000e\000r\000\040\000F\000u\000n\000c\000t\000i\000o\000n\000\040\000D\000o\000c\000u\000m\000e\000n\000t\000a\000t\000i\000o\000n}{subsection.4.5}% 17
\BOOKMARK [2][-]{subsection.4.6}{\376\377\0004\000.\0006\000\040\000N\000o\000d\000e\000<\000\040\000I\000t\000e\000m\000T\000y\000p\000e\000\040\000>\000\040\000C\000l\000a\000s\000s\000\040\000T\000e\000m\000p\000l\000a\000t\000e\000\040\000R\000e\000f\000e\000r\000e\000n\000c\000e}{section.4}% 18
\BOOKMARK [3][-]{subsubsection.4.6.1}{\376\377\0004\000.\0006\000.\0001\000\040\000C\000o\000n\000s\000t\000r\000u\000c\000t\000o\000r\000\040\000\046\000\040\000D\000e\000s\000t\000r\000u\000c\000t\000o\000r\000\040\000D\000o\000c\000u\000m\000e\000n\000t\000a\000t\000i\000o\000n}{subsection.4.6}% 19
\BOOKMARK [3][-]{subsubsection.4.6.2}{\376\377\0004\000.\0006\000.\0002\000\040\000M\000e\000m\000b\000e\000r\000\040\000F\000u\000n\000c\000t\000i\000o\000n\000\040\000D\000o\000c\000u\000m\000e\000n\000t\000a\000t\000i\000o\000n}{subsection.4.6}% 20
\BOOKMARK [2][-]{subsection.4.7}{\376\377\0004\000.\0007\000\040\000P\000r\000e\000c\000o\000n\000d\000V\000i\000o\000l\000a\000t\000e\000d\000E\000x\000c\000e\000p\000t\000\040\000C\000l\000a\000s\000s\000\040\000R\000e\000f\000e\000r\000e\000n\000c\000e}{section.4}% 21
\BOOKMARK [2][-]{subsection.4.8}{\376\377\0004\000.\0008\000\040\000P\000r\000i\000o\000r\000i\000t\000y\000Q\000u\000e\000u\000e\000I\000n\000t\000e\000r\000f\000a\000c\000e\000<\000\040\000I\000t\000e\000m\000T\000y\000p\000e\000\040\000>\000\040\000C\000l\000a\000s\000s\000\040\000T\000e\000m\000p\000l\000a\000t\000e\000\040\000R\000e\000f\000e\000r\000e\000n\000c\000e}{section.4}% 22
\BOOKMARK [3][-]{subsubsection.4.8.1}{\376\377\0004\000.\0008\000.\0001\000\040\000C\000o\000n\000s\000t\000r\000u\000c\000t\000o\000r\000\040\000\046\000\040\000D\000e\000s\000t\000r\000u\000c\000t\000o\000r\000\040\000D\000o\000c\000u\000m\000e\000n\000t\000a\000t\000i\000o\000n}{subsection.4.8}% 23
\BOOKMARK [3][-]{subsubsection.4.8.2}{\376\377\0004\000.\0008\000.\0002\000\040\000M\000e\000m\000b\000e\000r\000\040\000F\000u\000n\000c\000t\000i\000o\000n\000\040\000D\000o\000c\000u\000m\000e\000n\000t\000a\000t\000i\000o\000n}{subsection.4.8}% 24
\BOOKMARK [2][-]{subsection.4.9}{\376\377\0004\000.\0009\000\040\000Q\000u\000e\000u\000e\000I\000n\000t\000e\000r\000f\000a\000c\000e\000<\000\040\000I\000t\000e\000m\000T\000y\000p\000e\000\040\000>\000\040\000C\000l\000a\000s\000s\000\040\000T\000e\000m\000p\000l\000a\000t\000e\000\040\000R\000e\000f\000e\000r\000e\000n\000c\000e}{section.4}% 25
\BOOKMARK [3][-]{subsubsection.4.9.1}{\376\377\0004\000.\0009\000.\0001\000\040\000C\000o\000n\000s\000t\000r\000u\000c\000t\000o\000r\000\040\000\046\000\040\000D\000e\000s\000t\000r\000u\000c\000t\000o\000r\000\040\000D\000o\000c\000u\000m\000e\000n\000t\000a\000t\000i\000o\000n}{subsection.4.9}% 26
\BOOKMARK [3][-]{subsubsection.4.9.2}{\376\377\0004\000.\0009\000.\0002\000\040\000M\000e\000m\000b\000e\000r\000\040\000F\000u\000n\000c\000t\000i\000o\000n\000\040\000D\000o\000c\000u\000m\000e\000n\000t\000a\000t\000i\000o\000n}{subsection.4.9}% 27
\BOOKMARK [2][-]{subsection.4.10}{\376\377\0004\000.\0001\0000\000\040\000S\000L\000\137\000P\000r\000i\000o\000r\000i\000t\000y\000Q\000u\000e\000u\000e\000<\000\040\000I\000t\000e\000m\000T\000y\000p\000e\000\040\000>\000\040\000C\000l\000a\000s\000s\000\040\000T\000e\000m\000p\000l\000a\000t\000e\000\040\000R\000e\000f\000e\000r\000e\000n\000c\000e}{section.4}% 28
\BOOKMARK [3][-]{subsubsection.4.10.1}{\376\377\0004\000.\0001\0000\000.\0001\000\040\000M\000e\000m\000b\000e\000r\000\040\000F\000u\000n\000c\000t\000i\000o\000n\000\040\000D\000o\000c\000u\000m\000e\000n\000t\000a\000t\000i\000o\000n}{subsection.4.10}% 29
\BOOKMARK [2][-]{subsection.4.11}{\376\377\0004\000.\0001\0001\000\040\000S\000o\000r\000t\000e\000d\000L\000i\000s\000t\000I\000n\000t\000e\000r\000f\000a\000c\000e\000<\000\040\000I\000t\000e\000m\000T\000y\000p\000e\000\040\000>\000\040\000C\000l\000a\000s\000s\000\040\000T\000e\000m\000p\000l\000a\000t\000e\000\040\000R\000e\000f\000e\000r\000e\000n\000c\000e}{section.4}% 30
\BOOKMARK [3][-]{subsubsection.4.11.1}{\376\377\0004\000.\0001\0001\000.\0001\000\040\000C\000o\000n\000s\000t\000r\000u\000c\000t\000o\000r\000\040\000\046\000\040\000D\000e\000s\000t\000r\000u\000c\000t\000o\000r\000\040\000D\000o\000c\000u\000m\000e\000n\000t\000a\000t\000i\000o\000n}{subsection.4.11}% 31
\BOOKMARK [3][-]{subsubsection.4.11.2}{\376\377\0004\000.\0001\0001\000.\0002\000\040\000M\000e\000m\000b\000e\000r\000\040\000F\000u\000n\000c\000t\000i\000o\000n\000\040\000D\000o\000c\000u\000m\000e\000n\000t\000a\000t\000i\000o\000n}{subsection.4.11}% 32
\BOOKMARK [2][-]{subsection.4.12}{\376\377\0004\000.\0001\0002\000\040\000S\000o\000r\000t\000e\000d\000L\000i\000s\000t\000I\000s\000A\000<\000\040\000I\000t\000e\000m\000T\000y\000p\000e\000\040\000>\000\040\000C\000l\000a\000s\000s\000\040\000T\000e\000m\000p\000l\000a\000t\000e\000\040\000R\000e\000f\000e\000r\000e\000n\000c\000e}{section.4}% 33
\BOOKMARK [3][-]{subsubsection.4.12.1}{\376\377\0004\000.\0001\0002\000.\0001\000\040\000M\000e\000m\000b\000e\000r\000\040\000F\000u\000n\000c\000t\000i\000o\000n\000\040\000D\000o\000c\000u\000m\000e\000n\000t\000a\000t\000i\000o\000n}{subsection.4.12}% 34
\BOOKMARK [1][-]{section.5}{\376\377\0005\000\040\000F\000i\000l\000e\000\040\000D\000o\000c\000u\000m\000e\000n\000t\000a\000t\000i\000o\000n}{}% 35
\BOOKMARK [2][-]{subsection.5.1}{\376\377\0005\000.\0001\000\040\000A\000r\000r\000a\000y\000Q\000u\000e\000u\000e\000.\000c\000p\000p\000\040\000F\000i\000l\000e\000\040\000R\000e\000f\000e\000r\000e\000n\000c\000e}{section.5}% 36
\BOOKMARK [3][-]{subsubsection.5.1.1}{\376\377\0005\000.\0001\000.\0001\000\040\000D\000e\000t\000a\000i\000l\000e\000d\000\040\000D\000e\000s\000c\000r\000i\000p\000t\000i\000o\000n}{subsection.5.1}% 37
\BOOKMARK [2][-]{subsection.5.2}{\376\377\0005\000.\0002\000\040\000A\000r\000r\000a\000y\000Q\000u\000e\000u\000e\000.\000h\000\040\000F\000i\000l\000e\000\040\000R\000e\000f\000e\000r\000e\000n\000c\000e}{section.5}% 38
\BOOKMARK [3][-]{subsubsection.5.2.1}{\376\377\0005\000.\0002\000.\0001\000\040\000D\000e\000t\000a\000i\000l\000e\000d\000\040\000D\000e\000s\000c\000r\000i\000p\000t\000i\000o\000n}{subsection.5.2}% 39
\BOOKMARK [2][-]{subsection.5.3}{\376\377\0005\000.\0003\000\040\000L\000i\000n\000k\000e\000d\000L\000i\000s\000t\000.\000c\000p\000p\000\040\000F\000i\000l\000e\000\040\000R\000e\000f\000e\000r\000e\000n\000c\000e}{section.5}% 40
\BOOKMARK [3][-]{subsubsection.5.3.1}{\376\377\0005\000.\0003\000.\0001\000\040\000D\000e\000t\000a\000i\000l\000e\000d\000\040\000D\000e\000s\000c\000r\000i\000p\000t\000i\000o\000n}{subsection.5.3}% 41
\BOOKMARK [2][-]{subsection.5.4}{\376\377\0005\000.\0004\000\040\000L\000i\000n\000k\000e\000d\000L\000i\000s\000t\000.\000h\000\040\000F\000i\000l\000e\000\040\000R\000e\000f\000e\000r\000e\000n\000c\000e}{section.5}% 42
\BOOKMARK [3][-]{subsubsection.5.4.1}{\376\377\0005\000.\0004\000.\0001\000\040\000D\000e\000t\000a\000i\000l\000e\000d\000\040\000D\000e\000s\000c\000r\000i\000p\000t\000i\000o\000n}{subsection.5.4}% 43
\BOOKMARK [2][-]{subsection.5.5}{\376\377\0005\000.\0005\000\040\000L\000i\000n\000k\000e\000d\000Q\000u\000e\000u\000e\000.\000h\000\040\000F\000i\000l\000e\000\040\000R\000e\000f\000e\000r\000e\000n\000c\000e}{section.5}% 44
\BOOKMARK [3][-]{subsubsection.5.5.1}{\376\377\0005\000.\0005\000.\0001\000\040\000D\000e\000t\000a\000i\000l\000e\000d\000\040\000D\000e\000s\000c\000r\000i\000p\000t\000i\000o\000n}{subsection.5.5}% 45
\BOOKMARK [2][-]{subsection.5.6}{\376\377\0005\000.\0006\000\040\000L\000i\000s\000t\000I\000n\000t\000e\000r\000f\000a\000c\000e\000.\000h\000\040\000F\000i\000l\000e\000\040\000R\000e\000f\000e\000r\000e\000n\000c\000e}{section.5}% 46
\BOOKMARK [3][-]{subsubsection.5.6.1}{\376\377\0005\000.\0006\000.\0001\000\040\000D\000e\000t\000a\000i\000l\000e\000d\000\040\000D\000e\000s\000c\000r\000i\000p\000t\000i\000o\000n}{subsection.5.6}% 47
\BOOKMARK [2][-]{subsection.5.7}{\376\377\0005\000.\0007\000\040\000N\000o\000d\000e\000.\000c\000p\000p\000\040\000F\000i\000l\000e\000\040\000R\000e\000f\000e\000r\000e\000n\000c\000e}{section.5}% 48
\BOOKMARK [3][-]{subsubsection.5.7.1}{\376\377\0005\000.\0007\000.\0001\000\040\000D\000e\000t\000a\000i\000l\000e\000d\000\040\000D\000e\000s\000c\000r\000i\000p\000t\000i\000o\000n}{subsection.5.7}% 49
\BOOKMARK [2][-]{subsection.5.8}{\376\377\0005\000.\0008\000\040\000N\000o\000d\000e\000.\000h\000\040\000F\000i\000l\000e\000\040\000R\000e\000f\000e\000r\000e\000n\000c\000e}{section.5}% 50
\BOOKMARK [3][-]{subsubsection.5.8.1}{\376\377\0005\000.\0008\000.\0001\000\040\000D\000e\000t\000a\000i\000l\000e\000d\000\040\000D\000e\000s\000c\000r\000i\000p\000t\000i\000o\000n}{subsection.5.8}% 51
\BOOKMARK [2][-]{subsection.5.9}{\376\377\0005\000.\0009\000\040\000P\000r\000e\000c\000o\000n\000d\000V\000i\000o\000l\000a\000t\000e\000d\000E\000x\000c\000e\000p\000t\000.\000c\000p\000p\000\040\000F\000i\000l\000e\000\040\000R\000e\000f\000e\000r\000e\000n\000c\000e}{section.5}% 52
\BOOKMARK [3][-]{subsubsection.5.9.1}{\376\377\0005\000.\0009\000.\0001\000\040\000D\000e\000t\000a\000i\000l\000e\000d\000\040\000D\000e\000s\000c\000r\000i\000p\000t\000i\000o\000n}{subsection.5.9}% 53
\BOOKMARK [2][-]{subsection.5.10}{\376\377\0005\000.\0001\0000\000\040\000P\000r\000e\000c\000o\000n\000d\000V\000i\000o\000l\000a\000t\000e\000d\000E\000x\000c\000e\000p\000t\000.\000h\000\040\000F\000i\000l\000e\000\040\000R\000e\000f\000e\000r\000e\000n\000c\000e}{section.5}% 54
\BOOKMARK [3][-]{subsubsection.5.10.1}{\376\377\0005\000.\0001\0000\000.\0001\000\040\000D\000e\000t\000a\000i\000l\000e\000d\000\040\000D\000e\000s\000c\000r\000i\000p\000t\000i\000o\000n}{subsection.5.10}% 55
\BOOKMARK [2][-]{subsection.5.11}{\376\377\0005\000.\0001\0001\000\040\000P\000r\000i\000o\000r\000i\000t\000y\000Q\000u\000e\000u\000e\000I\000n\000t\000e\000r\000f\000a\000c\000e\000.\000h\000\040\000F\000i\000l\000e\000\040\000R\000e\000f\000e\000r\000e\000n\000c\000e}{section.5}% 56
\BOOKMARK [2][-]{subsection.5.12}{\376\377\0005\000.\0001\0002\000\040\000Q\000u\000e\000u\000e\000I\000n\000t\000e\000r\000f\000a\000c\000e\000.\000h\000\040\000F\000i\000l\000e\000\040\000R\000e\000f\000e\000r\000e\000n\000c\000e}{section.5}% 57
\BOOKMARK [2][-]{subsection.5.13}{\376\377\0005\000.\0001\0003\000\040\000S\000L\000\137\000P\000r\000i\000o\000r\000i\000t\000y\000Q\000u\000e\000u\000e\000.\000h\000\040\000F\000i\000l\000e\000\040\000R\000e\000f\000e\000r\000e\000n\000c\000e}{section.5}% 58
\BOOKMARK [3][-]{subsubsection.5.13.1}{\376\377\0005\000.\0001\0003\000.\0001\000\040\000D\000e\000t\000a\000i\000l\000e\000d\000\040\000D\000e\000s\000c\000r\000i\000p\000t\000i\000o\000n}{subsection.5.13}% 59
\BOOKMARK [2][-]{subsection.5.14}{\376\377\0005\000.\0001\0004\000\040\000S\000o\000r\000t\000e\000d\000L\000i\000s\000t\000I\000n\000t\000e\000r\000f\000a\000c\000e\000.\000h\000\040\000F\000i\000l\000e\000\040\000R\000e\000f\000e\000r\000e\000n\000c\000e}{section.5}% 60
\BOOKMARK [3][-]{subsubsection.5.14.1}{\376\377\0005\000.\0001\0004\000.\0001\000\040\000D\000e\000t\000a\000i\000l\000e\000d\000\040\000D\000e\000s\000c\000r\000i\000p\000t\000i\000o\000n}{subsection.5.14}% 61
\BOOKMARK [2][-]{subsection.5.15}{\376\377\0005\000.\0001\0005\000\040\000S\000o\000r\000t\000e\000d\000L\000i\000s\000t\000I\000s\000A\000.\000h\000\040\000F\000i\000l\000e\000\040\000R\000e\000f\000e\000r\000e\000n\000c\000e}{section.5}% 62
\BOOKMARK [3][-]{subsubsection.5.15.1}{\376\377\0005\000.\0001\0005\000.\0001\000\040\000D\000e\000t\000a\000i\000l\000e\000d\000\040\000D\000e\000s\000c\000r\000i\000p\000t\000i\000o\000n}{subsection.5.15}% 63
\BOOKMARK [1][-]{section*.35}{\376\377\000I\000n\000d\000e\000x}{}% 64
